This file contains any messages produced by compilers while
running configure, to aid debugging if configure makes a mistake.

It was created by configure, which was
generated by GNU Autoconf 2.59.  Invocation command line was

  $ ./configure 

## --------- ##
## Platform. ##
## --------- ##

hostname = dell
uname -m = x86_64
uname -r = 4.1.2-2-ARCH
uname -s = Linux
uname -v = #1 SMP PREEMPT Wed Jul 15 08:30:32 UTC 2015

/usr/bin/uname -p = unknown
/bin/uname -X     = unknown

/bin/arch              = unknown
/usr/bin/arch -k       = unknown
/usr/convex/getsysinfo = unknown
hostinfo               = unknown
/bin/machine           = unknown
/usr/bin/oslevel       = unknown
/bin/universe          = unknown

PATH: /home/szabolor/perl5/bin
PATH: /usr/local/sbin
PATH: /usr/local/bin
PATH: /usr/bin
PATH: /opt/android-sdk/platform-tools
PATH: /opt/cuda/bin
PATH: /opt/depot-tools-git
PATH: /usr/lib/jvm/default/bin
PATH: /usr/bin/site_perl
PATH: /usr/bin/vendor_perl
PATH: /usr/bin/core_perl
PATH: /home/szabolor/.gem/ruby/2.2.0/bin


## ----------- ##
## Core tests. ##
## ----------- ##

configure:1345: checking for gcc
configure:1361: found /usr/bin/gcc
configure:1371: result: gcc
configure:1615: checking for C compiler version
configure:1618: gcc --version </dev/null >&5
gcc (GCC) 5.1.0
Copyright (C) 2015 Free Software Foundation, Inc.
This is free software; see the source for copying conditions.  There is NO
warranty; not even for MERCHANTABILITY or FITNESS FOR A PARTICULAR PURPOSE.

configure:1621: $? = 0
configure:1623: gcc -v </dev/null >&5
Using built-in specs.
COLLECT_GCC=gcc
COLLECT_LTO_WRAPPER=/usr/lib/gcc/x86_64-unknown-linux-gnu/5.1.0/lto-wrapper
Target: x86_64-unknown-linux-gnu
Configured with: /build/gcc/src/gcc-5-20150623/configure --prefix=/usr --libdir=/usr/lib --libexecdir=/usr/lib --mandir=/usr/share/man --infodir=/usr/share/info --with-bugurl=https://bugs.archlinux.org/ --enable-languages=c,c++,ada,fortran,go,lto,objc,obj-c++ --enable-shared --enable-threads=posix --enable-libmpx --with-system-zlib --with-isl --enable-__cxa_atexit --disable-libunwind-exceptions --enable-clocale=gnu --disable-libstdcxx-pch --disable-libssp --enable-gnu-unique-object --enable-linker-build-id --enable-lto --enable-plugin --enable-install-libiberty --with-linker-hash-style=gnu --enable-gnu-indirect-function --disable-multilib --disable-werror --enable-checking=release --with-default-libstdcxx-abi=c++98
Thread model: posix
gcc version 5.1.0 (GCC) 
configure:1626: $? = 0
configure:1628: gcc -V </dev/null >&5
gcc: error: unrecognized command line option '-V'
gcc: fatal error: no input files
compilation terminated.
configure:1631: $? = 1
configure:1654: checking for C compiler default output file name
configure:1657: gcc    conftest.c  >&5
configure:1660: $? = 0
configure:1706: result: a.out
configure:1711: checking whether the C compiler works
configure:1717: ./a.out
configure:1720: $? = 0
configure:1737: result: yes
configure:1744: checking whether we are cross compiling
configure:1746: result: no
configure:1749: checking for suffix of executables
configure:1751: gcc -o conftest    conftest.c  >&5
configure:1754: $? = 0
configure:1779: result: 
configure:1785: checking for suffix of object files
configure:1806: gcc -c   conftest.c >&5
configure:1809: $? = 0
configure:1831: result: o
configure:1835: checking whether we are using the GNU C compiler
configure:1859: gcc -c   conftest.c >&5
configure:1865: $? = 0
configure:1869: test -z 
			 || test ! -s conftest.err
configure:1872: $? = 0
configure:1875: test -s conftest.o
configure:1878: $? = 0
configure:1891: result: yes
configure:1897: checking whether gcc accepts -g
configure:1918: gcc -c -g  conftest.c >&5
configure:1924: $? = 0
configure:1928: test -z 
			 || test ! -s conftest.err
configure:1931: $? = 0
configure:1934: test -s conftest.o
configure:1937: $? = 0
configure:1948: result: yes
configure:1965: checking for gcc option to accept ANSI C
configure:2035: gcc  -c -g -O2  conftest.c >&5
configure:2041: $? = 0
configure:2045: test -z 
			 || test ! -s conftest.err
configure:2048: $? = 0
configure:2051: test -s conftest.o
configure:2054: $? = 0
configure:2072: result: none needed
configure:2090: gcc -c -g -O2  conftest.c >&5
conftest.c:2:3: error: unknown type name 'choke'
   choke me
   ^
conftest.c:2:3: error: expected '=', ',', ';', 'asm' or '__attribute__' at end of input
configure:2096: $? = 1
configure: failed program was:
| #ifndef __cplusplus
|   choke me
| #endif
configure:2237: checking for malloc in -lc
configure:2267: gcc -o conftest -g -O2   conftest.c -lc   >&5
conftest.c:16:6: warning: conflicting types for built-in function 'malloc'
 char malloc ();
      ^
configure:2273: $? = 0
configure:2277: test -z 
			 || test ! -s conftest.err
configure:2280: $? = 0
configure:2283: test -s conftest
configure:2286: $? = 0
configure:2299: result: yes
configure:2316: checking how to run the C preprocessor
configure:2351: gcc -E  conftest.c
configure:2357: $? = 0
configure:2389: gcc -E  conftest.c
conftest.c:10:28: fatal error: ac_nonexistent.h: No such file or directory
compilation terminated.
configure:2395: $? = 1
configure: failed program was:
| /* confdefs.h.  */
| 
| #define PACKAGE_NAME ""
| #define PACKAGE_TARNAME ""
| #define PACKAGE_VERSION ""
| #define PACKAGE_STRING ""
| #define PACKAGE_BUGREPORT ""
| #define HAVE_LIBC 1
| /* end confdefs.h.  */
| #include <ac_nonexistent.h>
configure:2434: result: gcc -E
configure:2458: gcc -E  conftest.c
configure:2464: $? = 0
configure:2496: gcc -E  conftest.c
conftest.c:10:28: fatal error: ac_nonexistent.h: No such file or directory
compilation terminated.
configure:2502: $? = 1
configure: failed program was:
| /* confdefs.h.  */
| 
| #define PACKAGE_NAME ""
| #define PACKAGE_TARNAME ""
| #define PACKAGE_VERSION ""
| #define PACKAGE_STRING ""
| #define PACKAGE_BUGREPORT ""
| #define HAVE_LIBC 1
| /* end confdefs.h.  */
| #include <ac_nonexistent.h>
configure:2546: checking for egrep
configure:2556: result: grep -E
configure:2561: checking for ANSI C header files
configure:2586: gcc -c -g -O2  conftest.c >&5
configure:2592: $? = 0
configure:2596: test -z 
			 || test ! -s conftest.err
configure:2599: $? = 0
configure:2602: test -s conftest.o
configure:2605: $? = 0
configure:2694: gcc -o conftest -g -O2   conftest.c -lc  >&5
conftest.c: In function 'main':
conftest.c:27:7: warning: implicit declaration of function 'exit' [-Wimplicit-function-declaration]
       exit(2);
       ^
conftest.c:27:7: warning: incompatible implicit declaration of built-in function 'exit'
conftest.c:27:7: note: include '<stdlib.h>' or provide a declaration of 'exit'
conftest.c:28:3: warning: incompatible implicit declaration of built-in function 'exit'
   exit (0);
   ^
conftest.c:28:3: note: include '<stdlib.h>' or provide a declaration of 'exit'
configure:2697: $? = 0
configure:2699: ./conftest
configure:2702: $? = 0
configure:2717: result: yes
configure:2741: checking for sys/types.h
configure:2757: gcc -c -g -O2  conftest.c >&5
configure:2763: $? = 0
configure:2767: test -z 
			 || test ! -s conftest.err
configure:2770: $? = 0
configure:2773: test -s conftest.o
configure:2776: $? = 0
configure:2787: result: yes
configure:2741: checking for sys/stat.h
configure:2757: gcc -c -g -O2  conftest.c >&5
configure:2763: $? = 0
configure:2767: test -z 
			 || test ! -s conftest.err
configure:2770: $? = 0
configure:2773: test -s conftest.o
configure:2776: $? = 0
configure:2787: result: yes
configure:2741: checking for stdlib.h
configure:2757: gcc -c -g -O2  conftest.c >&5
configure:2763: $? = 0
configure:2767: test -z 
			 || test ! -s conftest.err
configure:2770: $? = 0
configure:2773: test -s conftest.o
configure:2776: $? = 0
configure:2787: result: yes
configure:2741: checking for string.h
configure:2757: gcc -c -g -O2  conftest.c >&5
configure:2763: $? = 0
configure:2767: test -z 
			 || test ! -s conftest.err
configure:2770: $? = 0
configure:2773: test -s conftest.o
configure:2776: $? = 0
configure:2787: result: yes
configure:2741: checking for memory.h
configure:2757: gcc -c -g -O2  conftest.c >&5
configure:2763: $? = 0
configure:2767: test -z 
			 || test ! -s conftest.err
configure:2770: $? = 0
configure:2773: test -s conftest.o
configure:2776: $? = 0
configure:2787: result: yes
configure:2741: checking for strings.h
configure:2757: gcc -c -g -O2  conftest.c >&5
configure:2763: $? = 0
configure:2767: test -z 
			 || test ! -s conftest.err
configure:2770: $? = 0
configure:2773: test -s conftest.o
configure:2776: $? = 0
configure:2787: result: yes
configure:2741: checking for inttypes.h
configure:2757: gcc -c -g -O2  conftest.c >&5
configure:2763: $? = 0
configure:2767: test -z 
			 || test ! -s conftest.err
configure:2770: $? = 0
configure:2773: test -s conftest.o
configure:2776: $? = 0
configure:2787: result: yes
configure:2741: checking for stdint.h
configure:2757: gcc -c -g -O2  conftest.c >&5
configure:2763: $? = 0
configure:2767: test -z 
			 || test ! -s conftest.err
configure:2770: $? = 0
configure:2773: test -s conftest.o
configure:2776: $? = 0
configure:2787: result: yes
configure:2741: checking for unistd.h
configure:2757: gcc -c -g -O2  conftest.c >&5
configure:2763: $? = 0
configure:2767: test -z 
			 || test ! -s conftest.err
configure:2770: $? = 0
configure:2773: test -s conftest.o
configure:2776: $? = 0
configure:2787: result: yes
configure:2817: checking getopt.h usability
configure:2829: gcc -c -g -O2  conftest.c >&5
configure:2835: $? = 0
configure:2839: test -z 
			 || test ! -s conftest.err
configure:2842: $? = 0
configure:2845: test -s conftest.o
configure:2848: $? = 0
configure:2858: result: yes
configure:2862: checking getopt.h presence
configure:2872: gcc -E  conftest.c
configure:2878: $? = 0
configure:2898: result: yes
configure:2933: checking for getopt.h
configure:2940: result: yes
configure:2817: checking stdio.h usability
configure:2829: gcc -c -g -O2  conftest.c >&5
configure:2835: $? = 0
configure:2839: test -z 
			 || test ! -s conftest.err
configure:2842: $? = 0
configure:2845: test -s conftest.o
configure:2848: $? = 0
configure:2858: result: yes
configure:2862: checking stdio.h presence
configure:2872: gcc -E  conftest.c
configure:2878: $? = 0
configure:2898: result: yes
configure:2933: checking for stdio.h
configure:2940: result: yes
configure:2808: checking for stdlib.h
configure:2813: result: yes
configure:2808: checking for memory.h
configure:2813: result: yes
configure:2808: checking for string.h
configure:2813: result: yes
configure:3009: checking build system type
configure:3027: result: x86_64-unknown-linux-gnu
configure:3035: checking host system type
configure:3049: result: x86_64-unknown-linux-gnu
configure:3057: checking target system type
configure:3071: result: x86_64-unknown-linux-gnu
configure:3133: checking for getopt_long
configure:3190: gcc -o conftest -g -O2   conftest.c -lc  >&5
configure:3196: $? = 0
configure:3200: test -z 
			 || test ! -s conftest.err
configure:3203: $? = 0
configure:3206: test -s conftest
configure:3209: $? = 0
configure:3221: result: yes
configure:3133: checking for memset
configure:3190: gcc -o conftest -g -O2   conftest.c -lc  >&5
conftest.c:50:6: warning: conflicting types for built-in function 'memset'
 char memset ();
      ^
configure:3196: $? = 0
configure:3200: test -z 
			 || test ! -s conftest.err
configure:3203: $? = 0
configure:3206: test -s conftest
configure:3209: $? = 0
configure:3221: result: yes
configure:3133: checking for memmove
configure:3190: gcc -o conftest -g -O2   conftest.c -lc  >&5
conftest.c:51:6: warning: conflicting types for built-in function 'memmove'
 char memmove ();
      ^
configure:3196: $? = 0
configure:3200: test -z 
			 || test ! -s conftest.err
configure:3203: $? = 0
configure:3206: test -s conftest
configure:3209: $? = 0
configure:3221: result: yes
configure:3328: creating ./config.status

## ---------------------- ##
## Running config.status. ##
## ---------------------- ##

This file was extended by config.status, which was
generated by GNU Autoconf 2.59.  Invocation command line was

  CONFIG_FILES    = 
  CONFIG_HEADERS  = 
  CONFIG_LINKS    = 
  CONFIG_COMMANDS = 
  $ ./config.status 

on dell

config.status:659: creating makefile
config.status:762: creating config.h

## ---------------- ##
## Cache variables. ##
## ---------------- ##

ac_cv_build=x86_64-unknown-linux-gnu
ac_cv_build_alias=x86_64-unknown-linux-gnu
ac_cv_c_compiler_gnu=yes
ac_cv_env_CC_set=
ac_cv_env_CC_value=
ac_cv_env_CFLAGS_set=
ac_cv_env_CFLAGS_value=
ac_cv_env_CPPFLAGS_set=
ac_cv_env_CPPFLAGS_value=
ac_cv_env_CPP_set=
ac_cv_env_CPP_value=
ac_cv_env_LDFLAGS_set=
ac_cv_env_LDFLAGS_value=
ac_cv_env_build_alias_set=
ac_cv_env_build_alias_value=
ac_cv_env_host_alias_set=
ac_cv_env_host_alias_value=
ac_cv_env_target_alias_set=
ac_cv_env_target_alias_value=
ac_cv_exeext=
ac_cv_func_getopt_long=yes
ac_cv_func_memmove=yes
ac_cv_func_memset=yes
ac_cv_header_getopt_h=yes
ac_cv_header_inttypes_h=yes
ac_cv_header_memory_h=yes
ac_cv_header_stdc=yes
ac_cv_header_stdint_h=yes
ac_cv_header_stdio_h=yes
ac_cv_header_stdlib_h=yes
ac_cv_header_string_h=yes
ac_cv_header_strings_h=yes
ac_cv_header_sys_stat_h=yes
ac_cv_header_sys_types_h=yes
ac_cv_header_unistd_h=yes
ac_cv_host=x86_64-unknown-linux-gnu
ac_cv_host_alias=x86_64-unknown-linux-gnu
ac_cv_lib_c_malloc=yes
ac_cv_objext=o
ac_cv_prog_CPP='gcc -E'
ac_cv_prog_ac_ct_CC=gcc
ac_cv_prog_cc_g=yes
ac_cv_prog_cc_stdc=
ac_cv_prog_egrep='grep -E'
ac_cv_target=x86_64-unknown-linux-gnu
ac_cv_target_alias=x86_64-unknown-linux-gnu

## ----------------- ##
## Output variables. ##
## ----------------- ##

ARCH_OPTION=''
CC='gcc'
CFLAGS='-g -O2'
CPP='gcc -E'
CPPFLAGS=''
DEFS='-DHAVE_CONFIG_H'
ECHO_C=''
ECHO_N='-n'
ECHO_T=''
EGREP='grep -E'
EXEEXT=''
LDFLAGS=''
LIBOBJS=''
LIBS='-lc '
LTLIBOBJS=''
MLIBS=''
OBJEXT='o'
PACKAGE_BUGREPORT=''
PACKAGE_NAME=''
PACKAGE_STRING=''
PACKAGE_TARNAME=''
PACKAGE_VERSION=''
PATH_SEPARATOR=':'
REBIND='ldconfig'
SHELL='/bin/sh'
SH_LIB='libfec.so'
SO_NAME='3'
VERSION='3.0.0'
ac_ct_CC='gcc'
bindir='${exec_prefix}/bin'
build='x86_64-unknown-linux-gnu'
build_alias=''
build_cpu='x86_64'
build_os='linux-gnu'
build_vendor='unknown'
datadir='${prefix}/share'
exec_prefix='${prefix}'
host='x86_64-unknown-linux-gnu'
host_alias=''
host_cpu='x86_64'
host_os='linux-gnu'
host_vendor='unknown'
includedir='${prefix}/include'
infodir='${prefix}/info'
libdir='${exec_prefix}/lib'
libexecdir='${exec_prefix}/libexec'
localstatedir='${prefix}/var'
mandir='${prefix}/man'
oldincludedir='/usr/include'
prefix='/usr/local'
program_transform_name='s,x,x,'
sbindir='${exec_prefix}/sbin'
sharedstatedir='${prefix}/com'
sysconfdir='${prefix}/etc'
target='x86_64-unknown-linux-gnu'
target_alias=''
target_cpu='x86_64'
target_os='linux-gnu'
target_vendor='unknown'

## ----------- ##
## confdefs.h. ##
## ----------- ##

#define HAVE_GETOPT_H 1
#define HAVE_GETOPT_LONG 1
#define HAVE_INTTYPES_H 1
#define HAVE_LIBC 1
#define HAVE_MEMMOVE 1
#define HAVE_MEMORY_H 1
#define HAVE_MEMORY_H 1
#define HAVE_MEMSET 1
#define HAVE_STDINT_H 1
#define HAVE_STDIO_H 1
#define HAVE_STDLIB_H 1
#define HAVE_STDLIB_H 1
#define HAVE_STRINGS_H 1
#define HAVE_STRING_H 1
#define HAVE_STRING_H 1
#define HAVE_SYS_STAT_H 1
#define HAVE_SYS_TYPES_H 1
#define HAVE_UNISTD_H 1
#define PACKAGE_BUGREPORT ""
#define PACKAGE_NAME ""
#define PACKAGE_STRING ""
#define PACKAGE_TARNAME ""
#define PACKAGE_VERSION ""
#define STDC_HEADERS 1

configure: exit 0
